#
# There is insufficient memory for the Java Runtime Environment to continue.
# Native memory allocation (malloc) failed to allocate 1149648 bytes. Error detail: Chunk::new
# Possible reasons:
#   The system is out of physical RAM or swap space
#   This process is running with CompressedOops enabled, and the Java Heap may be blocking the growth of the native heap
# Possible solutions:
#   Reduce memory load on the system
#   Increase physical memory or swap space
#   Check if swap backing store is full
#   Decrease Java heap size (-Xmx/-Xms)
#   Decrease number of Java threads
#   Decrease Java thread stack sizes (-Xss)
#   Set larger code cache with -XX:ReservedCodeCacheSize=
#   JVM is running with Zero Based Compressed Oops mode in which the Java heap is
#     placed in the first 32GB address space. The Java Heap base address is the
#     maximum limit for the native heap growth. Please use -XX:HeapBaseMinAddress
#     to set the Java Heap base and to place the Java Heap above 32GB virtual address.
# This output file may be truncated or incomplete.
#
#  Out of Memory Error (arena.cpp:168), pid=26664, tid=12892
#
# JRE version: OpenJDK Runtime Environment JBR-21.0.5+8-631.28-jcef (21.0.5+8) (build 21.0.5+8-b631.28)
# Java VM: OpenJDK 64-Bit Server VM JBR-21.0.5+8-631.28-jcef (21.0.5+8-b631.28, mixed mode, sharing, tiered, compressed oops, compressed class ptrs, g1 gc, windows-amd64)
# No core dump will be written. Minidumps are not enabled by default on client versions of Windows
#

---------------  S U M M A R Y ------------

Command Line: git4idea.http.GitAskPassApp Username for 'https://github.com': 

Host: 12th Gen Intel(R) Core(TM) i5-12450H, 12 cores, 15G,  Windows 11 , 64 bit Build 26100 (10.0.26100.5074)
Time: Fri Sep  5 18:57:35 2025 Azerbaijan Standard Time elapsed time: 1.036027 seconds (0d 0h 0m 1s)

---------------  T H R E A D  ---------------

Current thread (0x000001d663000e70):  JavaThread "C2 CompilerThread1" daemon [_thread_in_native, id=12892, stack(0x0000005f82600000,0x0000005f82700000) (1024K)]


Current CompileTask:
C2:1036 1092       4       sun.security.ec.ECOperations::setDouble (463 bytes)

Stack: [0x0000005f82600000,0x0000005f82700000]
Native frames: (J=compiled Java code, j=interpreted, Vv=VM code, C=native code)
V  [jvm.dll+0x6e52b9]
V  [jvm.dll+0x8c3633]
V  [jvm.dll+0x8c5b8e]
V  [jvm.dll+0x8c6273]
V  [jvm.dll+0x288f46]
V  [jvm.dll+0xc66dd]
V  [jvm.dll+0xc6c13]
V  [jvm.dll+0x3c456b]
V  [jvm.dll+0x1e63d2]
V  [jvm.dll+0x2508f4]
V  [jvm.dll+0x24fd71]
V  [jvm.dll+0x1cd6a4]
V  [jvm.dll+0x25f5dc]
V  [jvm.dll+0x25db26]
V  [jvm.dll+0x3ff5e6]
V  [jvm.dll+0x86b248]
V  [jvm.dll+0x6e3abd]
C  [ucrtbase.dll+0x37b0]
C  [KERNEL32.DLL+0x2e8d7]
C  [ntdll.dll+0x8d9c]


---------------  P R O C E S S  ---------------

Threads class SMR info:
_java_thread_list=0x000001d6638fe460, length=16, elements={
0x000001d6419a8100, 0x000001d65e4f2630, 0x000001d65e4f3da0, 0x000001d65e4f78b0,
0x000001d65e4f8690, 0x000001d65e4f9e00, 0x000001d65e4fb8c0, 0x000001d65e505a50,
0x000001d663001c10, 0x000001d663157ca0, 0x000001d66315c4e0, 0x000001d6637cbf70,
0x000001d66390b3f0, 0x000001d6638d9290, 0x000001d663000e70, 0x000001d663003750
}

Java Threads: ( => current thread )
  0x000001d6419a8100 JavaThread "main"                              [_thread_blocked, id=19652, stack(0x0000005f81000000,0x0000005f81100000) (1024K)]
  0x000001d65e4f2630 JavaThread "Reference Handler"          daemon [_thread_blocked, id=21864, stack(0x0000005f81800000,0x0000005f81900000) (1024K)]
  0x000001d65e4f3da0 JavaThread "Finalizer"                  daemon [_thread_blocked, id=20956, stack(0x0000005f81900000,0x0000005f81a00000) (1024K)]
  0x000001d65e4f78b0 JavaThread "Signal Dispatcher"          daemon [_thread_blocked, id=18704, stack(0x0000005f81a00000,0x0000005f81b00000) (1024K)]
  0x000001d65e4f8690 JavaThread "Attach Listener"            daemon [_thread_blocked, id=26628, stack(0x0000005f81b00000,0x0000005f81c00000) (1024K)]
  0x000001d65e4f9e00 JavaThread "Service Thread"             daemon [_thread_blocked, id=22372, stack(0x0000005f81c00000,0x0000005f81d00000) (1024K)]
  0x000001d65e4fb8c0 JavaThread "Monitor Deflation Thread"   daemon [_thread_blocked, id=26252, stack(0x0000005f81d00000,0x0000005f81e00000) (1024K)]
  0x000001d65e505a50 JavaThread "C2 CompilerThread0"         daemon [_thread_blocked, id=20632, stack(0x0000005f81e00000,0x0000005f81f00000) (1024K)]
  0x000001d663001c10 JavaThread "C1 CompilerThread0"         daemon [_thread_blocked, id=24276, stack(0x0000005f81f00000,0x0000005f82000000) (1024K)]
  0x000001d663157ca0 JavaThread "Notification Thread"        daemon [_thread_blocked, id=16764, stack(0x0000005f82000000,0x0000005f82100000) (1024K)]
  0x000001d66315c4e0 JavaThread "Common-Cleaner"             daemon [_thread_blocked, id=19984, stack(0x0000005f82100000,0x0000005f82200000) (1024K)]
  0x000001d6637cbf70 JavaThread "HttpClient-1-SelectorManager" daemon [_thread_in_native, id=27124, stack(0x0000005f82200000,0x0000005f82300000) (1024K)]
  0x000001d66390b3f0 JavaThread "HttpClient-1-Worker-0"      daemon [_thread_blocked, id=25216, stack(0x0000005f82400000,0x0000005f82500000) (1024K)]
  0x000001d6638d9290 JavaThread "HttpClient-1-Worker-1"      daemon [_thread_blocked, id=27216, stack(0x0000005f82500000,0x0000005f82600000) (1024K)]
=>0x000001d663000e70 JavaThread "C2 CompilerThread1"         daemon [_thread_in_native, id=12892, stack(0x0000005f82600000,0x0000005f82700000) (1024K)]
  0x000001d663003750 JavaThread "C2 CompilerThread2"         daemon [_thread_blocked, id=13532, stack(0x0000005f82700000,0x0000005f82800000) (1024K)]
Total: 16

Other Threads:
  0x000001d65e4d2440 VMThread "VM Thread"                           [id=17640, stack(0x0000005f81700000,0x0000005f81800000) (1024K)]
  0x000001d65e4bfd70 WatcherThread "VM Periodic Task Thread"        [id=6720, stack(0x0000005f81600000,0x0000005f81700000) (1024K)]
  0x000001d643e25e80 WorkerThread "GC Thread#0"                     [id=15968, stack(0x0000005f81100000,0x0000005f81200000) (1024K)]
  0x000001d643e75410 ConcurrentGCThread "G1 Main Marker"            [id=820, stack(0x0000005f81200000,0x0000005f81300000) (1024K)]
  0x000001d643e766b0 WorkerThread "G1 Conc#0"                       [id=17488, stack(0x0000005f81300000,0x0000005f81400000) (1024K)]
  0x000001d65e38bdb0 ConcurrentGCThread "G1 Refine#0"               [id=27312, stack(0x0000005f81400000,0x0000005f81500000) (1024K)]
  0x000001d65e38d930 ConcurrentGCThread "G1 Service"                [id=8088, stack(0x0000005f81500000,0x0000005f81600000) (1024K)]
Total: 7

Threads with active compile tasks:
C2 CompilerThread1  1082 1092       4       sun.security.ec.ECOperations::setDouble (463 bytes)
Total: 1

VM state: not at safepoint (normal execution)

VM Mutex/Monitor currently owned by a thread: None

Heap address: 0x0000000705e00000, size: 4002 MB, Compressed Oops mode: Zero based, Oop shift amount: 3

CDS archive(s) mapped at: [0x000001d600000000-0x000001d600d00000-0x000001d600d00000), size 13631488, SharedBaseAddress: 0x000001d600000000, ArchiveRelocationMode: 1.
Compressed class space mapped at: 0x000001d601000000-0x000001d641000000, reserved size: 1073741824
Narrow klass base: 0x000001d600000000, Narrow klass shift: 0, Narrow klass range: 0x100000000

GC Precious Log:
 CardTable entry size: 512
 Card Set container configuration: InlinePtr #cards 4 size 8 Array Of Cards #cards 16 size 48 Howl #buckets 8 coarsen threshold 3686 Howl Bitmap #cards 512 size 80 coarsen threshold 460 Card regions per heap region 1 cards per card region 4096
 CPUs: 12 total, 12 available
 Memory: 16005M
 Large Page Support: Disabled
 NUMA Support: Disabled
 Compressed Oops: Enabled (Zero based)
 Heap Region Size: 2M
 Heap Min Capacity: 8M
 Heap Initial Capacity: 252M
 Heap Max Capacity: 4002M
 Pre-touch: Disabled
 Parallel Workers: 10
 Concurrent Workers: 3
 Concurrent Refinement Workers: 10
 Periodic GC: Disabled

Heap:
 garbage-first heap   total 258048K, used 16384K [0x0000000705e00000, 0x0000000800000000)
  region size 2048K, 9 young (18432K), 0 survivors (0K)
 Metaspace       used 9197K, committed 9408K, reserved 1114112K
  class space    used 1060K, committed 1152K, reserved 1048576K

Heap Regions: E=young(eden), S=young(survivor), O=old, HS=humongous(starts), HC=humongous(continues), CS=collection set, F=free, TAMS=top-at-mark-start, PB=parsable bottom
|   0|0x0000000705e00000, 0x0000000705e00000, 0x0000000706000000|  0%| F|  |TAMS 0x0000000705e00000| PB 0x0000000705e00000| Untracked 
|   1|0x0000000706000000, 0x0000000706000000, 0x0000000706200000|  0%| F|  |TAMS 0x0000000706000000| PB 0x0000000706000000| Untracked 
|   2|0x0000000706200000, 0x0000000706200000, 0x0000000706400000|  0%| F|  |TAMS 0x0000000706200000| PB 0x0000000706200000| Untracked 
|   3|0x0000000706400000, 0x0000000706400000, 0x0000000706600000|  0%| F|  |TAMS 0x0000000706400000| PB 0x0000000706400000| Untracked 
|   4|0x0000000706600000, 0x0000000706600000, 0x0000000706800000|  0%| F|  |TAMS 0x0000000706600000| PB 0x0000000706600000| Untracked 
|   5|0x0000000706800000, 0x0000000706800000, 0x0000000706a00000|  0%| F|  |TAMS 0x0000000706800000| PB 0x0000000706800000| Untracked 
|   6|0x0000000706a00000, 0x0000000706a00000, 0x0000000706c00000|  0%| F|  |TAMS 0x0000000706a00000| PB 0x0000000706a00000| Untracked 
|   7|0x0000000706c00000, 0x0000000706c00000, 0x0000000706e00000|  0%| F|  |TAMS 0x0000000706c00000| PB 0x0000000706c00000| Untracked 
|   8|0x0000000706e00000, 0x0000000706e00000, 0x0000000707000000|  0%| F|  |TAMS 0x0000000706e00000| PB 0x0000000706e00000| Untracked 
|   9|0x0000000707000000, 0x0000000707000000, 0x0000000707200000|  0%| F|  |TAMS 0x0000000707000000| PB 0x0000000707000000| Untracked 
|  10|0x0000000707200000, 0x0000000707200000, 0x0000000707400000|  0%| F|  |TAMS 0x0000000707200000| PB 0x0000000707200000| Untracked 
|  11|0x0000000707400000, 0x0000000707400000, 0x0000000707600000|  0%| F|  |TAMS 0x0000000707400000| PB 0x0000000707400000| Untracked 
|  12|0x0000000707600000, 0x0000000707600000, 0x0000000707800000|  0%| F|  |TAMS 0x0000000707600000| PB 0x0000000707600000| Untracked 
|  13|0x0000000707800000, 0x0000000707800000, 0x0000000707a00000|  0%| F|  |TAMS 0x0000000707800000| PB 0x0000000707800000| Untracked 
|  14|0x0000000707a00000, 0x0000000707a00000, 0x0000000707c00000|  0%| F|  |TAMS 0x0000000707a00000| PB 0x0000000707a00000| Untracked 
|  15|0x0000000707c00000, 0x0000000707c00000, 0x0000000707e00000|  0%| F|  |TAMS 0x0000000707c00000| PB 0x0000000707c00000| Untracked 
|  16|0x0000000707e00000, 0x0000000707e00000, 0x0000000708000000|  0%| F|  |TAMS 0x0000000707e00000| PB 0x0000000707e00000| Untracked 
|  17|0x0000000708000000, 0x0000000708000000, 0x0000000708200000|  0%| F|  |TAMS 0x0000000708000000| PB 0x0000000708000000| Untracked 
|  18|0x0000000708200000, 0x0000000708200000, 0x0000000708400000|  0%| F|  |TAMS 0x0000000708200000| PB 0x0000000708200000| Untracked 
|  19|0x0000000708400000, 0x0000000708400000, 0x0000000708600000|  0%| F|  |TAMS 0x0000000708400000| PB 0x0000000708400000| Untracked 
|  20|0x0000000708600000, 0x0000000708600000, 0x0000000708800000|  0%| F|  |TAMS 0x0000000708600000| PB 0x0000000708600000| Untracked 
|  21|0x0000000708800000, 0x0000000708800000, 0x0000000708a00000|  0%| F|  |TAMS 0x0000000708800000| PB 0x0000000708800000| Untracked 
|  22|0x0000000708a00000, 0x0000000708a00000, 0x0000000708c00000|  0%| F|  |TAMS 0x0000000708a00000| PB 0x0000000708a00000| Untracked 
|  23|0x0000000708c00000, 0x0000000708c00000, 0x0000000708e00000|  0%| F|  |TAMS 0x0000000708c00000| PB 0x0000000708c00000| Untracked 
|  24|0x0000000708e00000, 0x0000000708e00000, 0x0000000709000000|  0%| F|  |TAMS 0x0000000708e00000| PB 0x0000000708e00000| Untracked 
|  25|0x0000000709000000, 0x0000000709000000, 0x0000000709200000|  0%| F|  |TAMS 0x0000000709000000| PB 0x0000000709000000| Untracked 
|  26|0x0000000709200000, 0x0000000709200000, 0x0000000709400000|  0%| F|  |TAMS 0x0000000709200000| PB 0x0000000709200000| Untracked 
|  27|0x0000000709400000, 0x0000000709400000, 0x0000000709600000|  0%| F|  |TAMS 0x0000000709400000| PB 0x0000000709400000| Untracked 
|  28|0x0000000709600000, 0x0000000709600000, 0x0000000709800000|  0%| F|  |TAMS 0x0000000709600000| PB 0x0000000709600000| Untracked 
|  29|0x0000000709800000, 0x0000000709800000, 0x0000000709a00000|  0%| F|  |TAMS 0x0000000709800000| PB 0x0000000709800000| Untracked 
|  30|0x0000000709a00000, 0x0000000709a00000, 0x0000000709c00000|  0%| F|  |TAMS 0x0000000709a00000| PB 0x0000000709a00000| Untracked 
|  31|0x0000000709c00000, 0x0000000709c00000, 0x0000000709e00000|  0%| F|  |TAMS 0x0000000709c00000| PB 0x0000000709c00000| Untracked 
|  32|0x0000000709e00000, 0x0000000709e00000, 0x000000070a000000|  0%| F|  |TAMS 0x0000000709e00000| PB 0x0000000709e00000| Untracked 
|  33|0x000000070a000000, 0x000000070a000000, 0x000000070a200000|  0%| F|  |TAMS 0x000000070a000000| PB 0x000000070a000000| Untracked 
|  34|0x000000070a200000, 0x000000070a200000, 0x000000070a400000|  0%| F|  |TAMS 0x000000070a200000| PB 0x000000070a200000| Untracked 
|  35|0x000000070a400000, 0x000000070a400000, 0x000000070a600000|  0%| F|  |TAMS 0x000000070a400000| PB 0x000000070a400000| Untracked 
|  36|0x000000070a600000, 0x000000070a600000, 0x000000070a800000|  0%| F|  |TAMS 0x000000070a600000| PB 0x000000070a600000| Untracked 
|  37|0x000000070a800000, 0x000000070a800000, 0x000000070aa00000|  0%| F|  |TAMS 0x000000070a800000| PB 0x000000070a800000| Untracked 
|  38|0x000000070aa00000, 0x000000070aa00000, 0x000000070ac00000|  0%| F|  |TAMS 0x000000070aa00000| PB 0x000000070aa00000| Untracked 
|  39|0x000000070ac00000, 0x000000070ac00000, 0x000000070ae00000|  0%| F|  |TAMS 0x000000070ac00000| PB 0x000000070ac00000| Untracked 
|  40|0x000000070ae00000, 0x000000070ae00000, 0x000000070b000000|  0%| F|  |TAMS 0x000000070ae00000| PB 0x000000070ae00000| Untracked 
|  41|0x000000070b000000, 0x000000070b000000, 0x000000070b200000|  0%| F|  |TAMS 0x000000070b000000| PB 0x000000070b000000| Untracked 
|  42|0x000000070b200000, 0x000000070b200000, 0x000000070b400000|  0%| F|  |TAMS 0x000000070b200000| PB 0x000000070b200000| Untracked 
|  43|0x000000070b400000, 0x000000070b400000, 0x000000070b600000|  0%| F|  |TAMS 0x000000070b400000| PB 0x000000070b400000| Untracked 
|  44|0x000000070b600000, 0x000000070b600000, 0x000000070b800000|  0%| F|  |TAMS 0x000000070b600000| PB 0x000000070b600000| Untracked 
|  45|0x000000070b800000, 0x000000070b800000, 0x000000070ba00000|  0%| F|  |TAMS 0x000000070b800000| PB 0x000000070b800000| Untracked 
|  46|0x000000070ba00000, 0x000000070ba00000, 0x000000070bc00000|  0%| F|  |TAMS 0x000000070ba00000| PB 0x000000070ba00000| Untracked 
|  47|0x000000070bc00000, 0x000000070bc00000, 0x000000070be00000|  0%| F|  |TAMS 0x000000070bc00000| PB 0x000000070bc00000| Untracked 
|  48|0x000000070be00000, 0x000000070be00000, 0x000000070c000000|  0%| F|  |TAMS 0x000000070be00000| PB 0x000000070be00000| Untracked 
|  49|0x000000070c000000, 0x000000070c000000, 0x000000070c200000|  0%| F|  |TAMS 0x000000070c000000| PB 0x000000070c000000| Untracked 
|  50|0x000000070c200000, 0x000000070c200000, 0x000000070c400000|  0%| F|  |TAMS 0x000000070c200000| PB 0x000000070c200000| Untracked 
|  51|0x000000070c400000, 0x000000070c400000, 0x000000070c600000|  0%| F|  |TAMS 0x000000070c400000| PB 0x000000070c400000| Untracked 
|  52|0x000000070c600000, 0x000000070c600000, 0x000000070c800000|  0%| F|  |TAMS 0x000000070c600000| PB 0x000000070c600000| Untracked 
|  53|0x000000070c800000, 0x000000070c800000, 0x000000070ca00000|  0%| F|  |TAMS 0x000000070c800000| PB 0x000000070c800000| Untracked 
|  54|0x000000070ca00000, 0x000000070ca00000, 0x000000070cc00000|  0%| F|  |TAMS 0x000000070ca00000| PB 0x000000070ca00000| Untracked 
|  55|0x000000070cc00000, 0x000000070cc00000, 0x000000070ce00000|  0%| F|  |TAMS 0x000000070cc00000| PB 0x000000070cc00000| Untracked 
|  56|0x000000070ce00000, 0x000000070ce00000, 0x000000070d000000|  0%| F|  |TAMS 0x000000070ce00000| PB 0x000000070ce00000| Untracked 
|  57|0x000000070d000000, 0x000000070d000000, 0x000000070d200000|  0%| F|  |TAMS 0x000000070d000000| PB 0x000000070d000000| Untracked 
|  58|0x000000070d200000, 0x000000070d200000, 0x000000070d400000|  0%| F|  |TAMS 0x000000070d200000| PB 0x000000070d200000| Untracked 
|  59|0x000000070d400000, 0x000000070d400000, 0x000000070d600000|  0%| F|  |TAMS 0x000000070d400000| PB 0x000000070d400000| Untracked 
|  60|0x000000070d600000, 0x000000070d600000, 0x000000070d800000|  0%| F|  |TAMS 0x000000070d600000| PB 0x000000070d600000| Untracked 
|  61|0x000000070d800000, 0x000000070d800000, 0x000000070da00000|  0%| F|  |TAMS 0x000000070d800000| PB 0x000000070d800000| Untracked 
|  62|0x000000070da00000, 0x000000070da00000, 0x000000070dc00000|  0%| F|  |TAMS 0x000000070da00000| PB 0x000000070da00000| Untracked 
|  63|0x000000070dc00000, 0x000000070dc00000, 0x000000070de00000|  0%| F|  |TAMS 0x000000070dc00000| PB 0x000000070dc00000| Untracked 
|  64|0x000000070de00000, 0x000000070de00000, 0x000000070e000000|  0%| F|  |TAMS 0x000000070de00000| PB 0x000000070de00000| Untracked 
|  65|0x000000070e000000, 0x000000070e000000, 0x000000070e200000|  0%| F|  |TAMS 0x000000070e000000| PB 0x000000070e000000| Untracked 
|  66|0x000000070e200000, 0x000000070e200000, 0x000000070e400000|  0%| F|  |TAMS 0x000000070e200000| PB 0x000000070e200000| Untracked 
|  67|0x000000070e400000, 0x000000070e400000, 0x000000070e600000|  0%| F|  |TAMS 0x000000070e400000| PB 0x000000070e400000| Untracked 
|  68|0x000000070e600000, 0x000000070e600000, 0x000000070e800000|  0%| F|  |TAMS 0x000000070e600000| PB 0x000000070e600000| Untracked 
|  69|0x000000070e800000, 0x000000070e800000, 0x000000070ea00000|  0%| F|  |TAMS 0x000000070e800000| PB 0x000000070e800000| Untracked 
|  70|0x000000070ea00000, 0x000000070ea00000, 0x000000070ec00000|  0%| F|  |TAMS 0x000000070ea00000| PB 0x000000070ea00000| Untracked 
|  71|0x000000070ec00000, 0x000000070ec00000, 0x000000070ee00000|  0%| F|  |TAMS 0x000000070ec00000| PB 0x000000070ec00000| Untracked 
|  72|0x000000070ee00000, 0x000000070ee00000, 0x000000070f000000|  0%| F|  |TAMS 0x000000070ee00000| PB 0x000000070ee00000| Untracked 
|  73|0x000000070f000000, 0x000000070f000000, 0x000000070f200000|  0%| F|  |TAMS 0x000000070f000000| PB 0x000000070f000000| Untracked 
|  74|0x000000070f200000, 0x000000070f200000, 0x000000070f400000|  0%| F|  |TAMS 0x000000070f200000| PB 0x000000070f200000| Untracked 
|  75|0x000000070f400000, 0x000000070f400000, 0x000000070f600000|  0%| F|  |TAMS 0x000000070f400000| PB 0x000000070f400000| Untracked 
|  76|0x000000070f600000, 0x000000070f600000, 0x000000070f800000|  0%| F|  |TAMS 0x000000070f600000| PB 0x000000070f600000| Untracked 
|  77|0x000000070f800000, 0x000000070f800000, 0x000000070fa00000|  0%| F|  |TAMS 0x000000070f800000| PB 0x000000070f800000| Untracked 
|  78|0x000000070fa00000, 0x000000070fa00000, 0x000000070fc00000|  0%| F|  |TAMS 0x000000070fa00000| PB 0x000000070fa00000| Untracked 
|  79|0x000000070fc00000, 0x000000070fc00000, 0x000000070fe00000|  0%| F|  |TAMS 0x000000070fc00000| PB 0x000000070fc00000| Untracked 
|  80|0x000000070fe00000, 0x000000070fe00000, 0x0000000710000000|  0%| F|  |TAMS 0x000000070fe00000| PB 0x000000070fe00000| Untracked 
|  81|0x0000000710000000, 0x0000000710000000, 0x0000000710200000|  0%| F|  |TAMS 0x0000000710000000| PB 0x0000000710000000| Untracked 
|  82|0x0000000710200000, 0x0000000710200000, 0x0000000710400000|  0%| F|  |TAMS 0x0000000710200000| PB 0x0000000710200000| Untracked 
|  83|0x0000000710400000, 0x0000000710400000, 0x0000000710600000|  0%| F|  |TAMS 0x0000000710400000| PB 0x0000000710400000| Untracked 
|  84|0x0000000710600000, 0x0000000710600000, 0x0000000710800000|  0%| F|  |TAMS 0x0000000710600000| PB 0x0000000710600000| Untracked 
|  85|0x0000000710800000, 0x0000000710800000, 0x0000000710a00000|  0%| F|  |TAMS 0x0000000710800000| PB 0x0000000710800000| Untracked 
|  86|0x0000000710a00000, 0x0000000710a00000, 0x0000000710c00000|  0%| F|  |TAMS 0x0000000710a00000| PB 0x0000000710a00000| Untracked 
|  87|0x0000000710c00000, 0x0000000710c00000, 0x0000000710e00000|  0%| F|  |TAMS 0x0000000710c00000| PB 0x0000000710c00000| Untracked 
|  88|0x0000000710e00000, 0x0000000710e00000, 0x0000000711000000|  0%| F|  |TAMS 0x0000000710e00000| PB 0x0000000710e00000| Untracked 
|  89|0x0000000711000000, 0x0000000711000000, 0x0000000711200000|  0%| F|  |TAMS 0x0000000711000000| PB 0x0000000711000000| Untracked 
|  90|0x0000000711200000, 0x0000000711200000, 0x0000000711400000|  0%| F|  |TAMS 0x0000000711200000| PB 0x0000000711200000| Untracked 
|  91|0x0000000711400000, 0x0000000711400000, 0x0000000711600000|  0%| F|  |TAMS 0x0000000711400000| PB 0x0000000711400000| Untracked 
|  92|0x0000000711600000, 0x0000000711600000, 0x0000000711800000|  0%| F|  |TAMS 0x0000000711600000| PB 0x0000000711600000| Untracked 
|  93|0x0000000711800000, 0x0000000711800000, 0x0000000711a00000|  0%| F|  |TAMS 0x0000000711800000| PB 0x0000000711800000| Untracked 
|  94|0x0000000711a00000, 0x0000000711a00000, 0x0000000711c00000|  0%| F|  |TAMS 0x0000000711a00000| PB 0x0000000711a00000| Untracked 
|  95|0x0000000711c00000, 0x0000000711c00000, 0x0000000711e00000|  0%| F|  |TAMS 0x0000000711c00000| PB 0x0000000711c00000| Untracked 
|  96|0x0000000711e00000, 0x0000000711e00000, 0x0000000712000000|  0%| F|  |TAMS 0x0000000711e00000| PB 0x0000000711e00000| Untracked 
|  97|0x0000000712000000, 0x0000000712000000, 0x0000000712200000|  0%| F|  |TAMS 0x0000000712000000| PB 0x0000000712000000| Untracked 
|  98|0x0000000712200000, 0x0000000712200000, 0x0000000712400000|  0%| F|  |TAMS 0x0000000712200000| PB 0x0000000712200000| Untracked 
|  99|0x0000000712400000, 0x0000000712400000, 0x0000000712600000|  0%| F|  |TAMS 0x0000000712400000| PB 0x0000000712400000| Untracked 
| 100|0x0000000712600000, 0x0000000712600000, 0x0000000712800000|  0%| F|  |TAMS 0x0000000712600000| PB 0x0000000712600000| Untracked 
| 101|0x0000000712800000, 0x0000000712800000, 0x0000000712a00000|  0%| F|  |TAMS 0x0000000712800000| PB 0x0000000712800000| Untracked 
| 102|0x0000000712a00000, 0x0000000712a00000, 0x0000000712c00000|  0%| F|  |TAMS 0x0000000712a00000| PB 0x0000000712a00000| Untracked 
| 103|0x0000000712c00000, 0x0000000712c00000, 0x0000000712e00000|  0%| F|  |TAMS 0x0000000712c00000| PB 0x0000000712c00000| Untracked 
| 104|0x0000000712e00000, 0x0000000712e00000, 0x0000000713000000|  0%| F|  |TAMS 0x0000000712e00000| PB 0x0000000712e00000| Untracked 
| 105|0x0000000713000000, 0x0000000713000000, 0x0000000713200000|  0%| F|  |TAMS 0x0000000713000000| PB 0x0000000713000000| Untracked 
| 106|0x0000000713200000, 0x0000000713200000, 0x0000000713400000|  0%| F|  |TAMS 0x0000000713200000| PB 0x0000000713200000| Untracked 
| 107|0x0000000713400000, 0x0000000713400000, 0x0000000713600000|  0%| F|  |TAMS 0x0000000713400000| PB 0x0000000713400000| Untracked 
| 108|0x0000000713600000, 0x0000000713600000, 0x0000000713800000|  0%| F|  |TAMS 0x0000000713600000| PB 0x0000000713600000| Untracked 
| 109|0x0000000713800000, 0x0000000713800000, 0x0000000713a00000|  0%| F|  |TAMS 0x0000000713800000| PB 0x0000000713800000| Untracked 
| 110|0x0000000713a00000, 0x0000000713a00000, 0x0000000713c00000|  0%| F|  |TAMS 0x0000000713a00000| PB 0x0000000713a00000| Untracked 
| 111|0x0000000713c00000, 0x0000000713c00000, 0x0000000713e00000|  0%| F|  |TAMS 0x0000000713c00000| PB 0x0000000713c00000| Untracked 
| 112|0x0000000713e00000, 0x0000000713e00000, 0x0000000714000000|  0%| F|  |TAMS 0x0000000713e00000| PB 0x0000000713e00000| Untracked 
| 113|0x0000000714000000, 0x0000000714000000, 0x0000000714200000|  0%| F|  |TAMS 0x0000000714000000| PB 0x0000000714000000| Untracked 
| 114|0x0000000714200000, 0x0000000714200000, 0x0000000714400000|  0%| F|  |TAMS 0x0000000714200000| PB 0x0000000714200000| Untracked 
| 115|0x0000000714400000, 0x0000000714400000, 0x0000000714600000|  0%| F|  |TAMS 0x0000000714400000| PB 0x0000000714400000| Untracked 
| 116|0x0000000714600000, 0x0000000714600000, 0x0000000714800000|  0%| F|  |TAMS 0x0000000714600000| PB 0x0000000714600000| Untracked 
| 117|0x0000000714800000, 0x00000007148e6eb0, 0x0000000714a00000| 45%| E|  |TAMS 0x0000000714800000| PB 0x0000000714800000| Complete 
| 118|0x0000000714a00000, 0x0000000714c00000, 0x0000000714c00000|100%| E|CS|TAMS 0x0000000714a00000| PB 0x0000000714a00000| Complete 
| 119|0x0000000714c00000, 0x0000000714e00000, 0x0000000714e00000|100%| E|CS|TAMS 0x0000000714c00000| PB 0x0000000714c00000| Complete 
| 120|0x0000000714e00000, 0x0000000715000000, 0x0000000715000000|100%| E|CS|TAMS 0x0000000714e00000| PB 0x0000000714e00000| Complete 
| 121|0x0000000715000000, 0x0000000715200000, 0x0000000715200000|100%| E|CS|TAMS 0x0000000715000000| PB 0x0000000715000000| Complete 
| 122|0x0000000715200000, 0x0000000715400000, 0x0000000715400000|100%| E|CS|TAMS 0x0000000715200000| PB 0x0000000715200000| Complete 
| 123|0x0000000715400000, 0x0000000715600000, 0x0000000715600000|100%| E|CS|TAMS 0x0000000715400000| PB 0x0000000715400000| Complete 
| 124|0x0000000715600000, 0x0000000715800000, 0x0000000715800000|100%| E|CS|TAMS 0x0000000715600000| PB 0x0000000715600000| Complete 
| 125|0x0000000715800000, 0x0000000715a00000, 0x0000000715a00000|100%| E|CS|TAMS 0x0000000715800000| PB 0x0000000715800000| Complete 

Card table byte_map: [0x000001d657a80000,0x000001d658260000] _byte_map_base: 0x000001d654251000

Marking Bits: (CMBitMap*) 0x000001d643e26580
 Bits: [0x000001d658260000, 0x000001d65c0e8000)

Polling page: 0x000001d641c90000

Metaspace:

Usage:
  Non-class:      7.95 MB used.
      Class:      1.04 MB used.
       Both:      8.98 MB used.

Virtual space:
  Non-class space:       64.00 MB reserved,       8.06 MB ( 13%) committed,  1 nodes.
      Class space:        1.00 GB reserved,       1.12 MB ( <1%) committed,  1 nodes.
             Both:        1.06 GB reserved,       9.19 MB ( <1%) committed. 

Chunk freelists:
   Non-Class:  7.89 MB
       Class:  14.69 MB
        Both:  22.58 MB

MaxMetaspaceSize: unlimited
CompressedClassSpaceSize: 1.00 GB
Initial GC threshold: 21.00 MB
Current GC threshold: 21.00 MB
CDS: on
 - commit_granule_bytes: 65536.
 - commit_granule_words: 8192.
 - virtual_space_node_default_size: 8388608.
 - enlarge_chunks_in_place: 1.
 - use_allocation_guard: 0.


Internal statistics:

num_allocs_failed_limit: 0.
num_arena_births: 244.
num_arena_deaths: 0.
num_vsnodes_births: 2.
num_vsnodes_deaths: 0.
num_space_committed: 147.
num_space_uncommitted: 0.
num_chunks_returned_to_freelist: 0.
num_chunks_taken_from_freelist: 412.
num_chunk_merges: 0.
num_chunk_splits: 245.
num_chunks_enlarged: 117.
num_inconsistent_stats: 0.

CodeHeap 'non-profiled nmethods': size=120000Kb used=412Kb max_used=412Kb free=119587Kb
 bounds [0x000001d64f820000, 0x000001d64fa90000, 0x000001d656d50000]
CodeHeap 'profiled nmethods': size=120000Kb used=1940Kb max_used=1940Kb free=118059Kb
 bounds [0x000001d647d50000, 0x000001d647fc0000, 0x000001d64f280000]
CodeHeap 'non-nmethods': size=5760Kb used=1432Kb max_used=1463Kb free=4327Kb
 bounds [0x000001d64f280000, 0x000001d64f4f0000, 0x000001d64f820000]
 total_blobs=1709 nmethods=1194 adapters=420
 compilation: enabled
              stopped_count=0, restarted_count=0
 full_count=0

Compilation events (20 events):
Event: 0.953 Thread 0x000001d663001c10 1186   !   3       jdk.internal.misc.ScopedMemoryAccess::copyMemoryInternal (56 bytes)
Event: 0.953 Thread 0x000001d663001c10 nmethod 1186 0x000001d647f32010 code [0x000001d647f32200, 0x000001d647f32738]
Event: 0.954 Thread 0x000001d663001c10 1187   !   3       java.lang.invoke.MethodHandleNatives::linkMethodHandleConstant (50 bytes)
Event: 0.954 Thread 0x000001d663001c10 nmethod 1187 0x000001d647f32a90 code [0x000001d647f32c60, 0x000001d647f32e68]
Event: 0.954 Thread 0x000001d663001c10 1188       3       jdk.internal.org.objectweb.asm.ClassWriter::visitField (53 bytes)
Event: 0.954 Thread 0x000001d663001c10 nmethod 1188 0x000001d647f33010 code [0x000001d647f331e0, 0x000001d647f33558]
Event: 0.958 Thread 0x000001d663001c10 1189       3       java.util.ImmutableCollections$Set12::<init> (53 bytes)
Event: 0.958 Thread 0x000001d65e505a50 1190       4       jdk.internal.util.StrongReferenceKey::hashCode (8 bytes)
Event: 0.958 Thread 0x000001d663003750 1191       4       java.lang.AbstractStringBuilder::append (45 bytes)
Event: 0.959 Thread 0x000001d663001c10 nmethod 1189 0x000001d647f33690 code [0x000001d647f33940, 0x000001d647f34590]
Event: 0.960 Thread 0x000001d663001c10 1192       3       java.nio.MappedByteBuffer::limit (6 bytes)
Event: 0.960 Thread 0x000001d663001c10 nmethod 1192 0x000001d647f34a10 code [0x000001d647f34bc0, 0x000001d647f34dd0]
Event: 0.960 Thread 0x000001d663001c10 1193       1       java.util.concurrent.atomic.AtomicInteger::get (5 bytes)
Event: 0.960 Thread 0x000001d663001c10 nmethod 1193 0x000001d64f885390 code [0x000001d64f885520, 0x000001d64f8855e8]
Event: 0.963 Thread 0x000001d663001c10 1194       3       java.nio.ByteBuffer::get (9 bytes)
Event: 0.963 Thread 0x000001d663001c10 nmethod 1194 0x000001d647f34f10 code [0x000001d647f350c0, 0x000001d647f352a0]
Event: 0.963 Thread 0x000001d65e505a50 nmethod 1190 0x000001d64f885690 code [0x000001d64f8858a0, 0x000001d64f885cc8]
Event: 0.963 Thread 0x000001d663001c10 1195       1       sun.security.provider.DigestBase::engineGetDigestLength (5 bytes)
Event: 0.964 Thread 0x000001d663001c10 nmethod 1195 0x000001d64f886010 code [0x000001d64f8861a0, 0x000001d64f886268]
Event: 0.966 Thread 0x000001d663003750 nmethod 1191 0x000001d64f886310 code [0x000001d64f886500, 0x000001d64f886ce0]

GC Heap History (0 events):
No events

Dll operation events (2 events):
Event: 0.016 Loaded shared library C:\Users\Hidayaddin\Desktop\IntelliJ IDEA 2024.3\jbr\bin\java.dll
Event: 0.087 Loaded shared library C:\Users\Hidayaddin\Desktop\IntelliJ IDEA 2024.3\jbr\bin\zip.dll

Deoptimization events (20 events):
Event: 0.848 Thread 0x000001d66390b3f0 Uncommon trap: trap_request=0xffffff66 fr.pc=0x000001d64f879474 relative=0x0000000000000314
Event: 0.848 Thread 0x000001d66390b3f0 Uncommon trap: reason=speculate_class_check action=maybe_recompile pc=0x000001d64f879474 method=sun.security.util.math.intpoly.IntegerPolynomial.multByInt([JJ)V @ 26 c2
Event: 0.848 Thread 0x000001d66390b3f0 DEOPT PACKING pc=0x000001d64f879474 sp=0x0000005f824fe170
Event: 0.848 Thread 0x000001d66390b3f0 DEOPT UNPACKING pc=0x000001d64f2d46a2 sp=0x0000005f824fe0b0 mode 2
Event: 0.848 Thread 0x000001d66390b3f0 Uncommon trap: trap_request=0xffffffde fr.pc=0x000001d64f87559c relative=0x000000000000025c
Event: 0.848 Thread 0x000001d66390b3f0 Uncommon trap: reason=class_check action=maybe_recompile pc=0x000001d64f87559c method=sun.security.util.math.intpoly.IntegerPolynomial.multByInt([JJ)V @ 26 c2
Event: 0.848 Thread 0x000001d66390b3f0 DEOPT PACKING pc=0x000001d64f87559c sp=0x0000005f824fe0e0
Event: 0.848 Thread 0x000001d66390b3f0 DEOPT UNPACKING pc=0x000001d64f2d46a2 sp=0x0000005f824fe0b0 mode 2
Event: 0.848 Thread 0x000001d66390b3f0 Uncommon trap: trap_request=0xffffffde fr.pc=0x000001d64f87559c relative=0x000000000000025c
Event: 0.848 Thread 0x000001d66390b3f0 Uncommon trap: reason=class_check action=maybe_recompile pc=0x000001d64f87559c method=sun.security.util.math.intpoly.IntegerPolynomial.multByInt([JJ)V @ 26 c2
Event: 0.848 Thread 0x000001d66390b3f0 DEOPT PACKING pc=0x000001d64f87559c sp=0x0000005f824fe0e0
Event: 0.848 Thread 0x000001d66390b3f0 DEOPT UNPACKING pc=0x000001d64f2d46a2 sp=0x0000005f824fe0b0 mode 2
Event: 0.848 Thread 0x000001d66390b3f0 Uncommon trap: trap_request=0xffffffde fr.pc=0x000001d64f87559c relative=0x000000000000025c
Event: 0.848 Thread 0x000001d66390b3f0 Uncommon trap: reason=class_check action=maybe_recompile pc=0x000001d64f87559c method=sun.security.util.math.intpoly.IntegerPolynomial.multByInt([JJ)V @ 26 c2
Event: 0.848 Thread 0x000001d66390b3f0 DEOPT PACKING pc=0x000001d64f87559c sp=0x0000005f824fe0e0
Event: 0.848 Thread 0x000001d66390b3f0 DEOPT UNPACKING pc=0x000001d64f2d46a2 sp=0x0000005f824fe0b0 mode 2
Event: 0.848 Thread 0x000001d66390b3f0 Uncommon trap: trap_request=0xffffffde fr.pc=0x000001d64f87559c relative=0x000000000000025c
Event: 0.848 Thread 0x000001d66390b3f0 Uncommon trap: reason=class_check action=maybe_recompile pc=0x000001d64f87559c method=sun.security.util.math.intpoly.IntegerPolynomial.multByInt([JJ)V @ 26 c2
Event: 0.848 Thread 0x000001d66390b3f0 DEOPT PACKING pc=0x000001d64f87559c sp=0x0000005f824fe0e0
Event: 0.848 Thread 0x000001d66390b3f0 DEOPT UNPACKING pc=0x000001d64f2d46a2 sp=0x0000005f824fe0b0 mode 2

Classes loaded (20 events):
Event: 0.903 Loading class jdk/internal/event/TLSHandshakeEvent
Event: 0.903 Loading class jdk/internal/event/TLSHandshakeEvent done
Event: 0.904 Loading class com/sun/crypto/provider/GaloisCounterMode$GCMEncrypt
Event: 0.904 Loading class com/sun/crypto/provider/GaloisCounterMode$GCMEncrypt done
Event: 0.904 Loading class com/sun/crypto/provider/GaloisCounterMode$EncryptOp
Event: 0.904 Loading class com/sun/crypto/provider/GaloisCounterMode$EncryptOp done
Event: 0.904 Loading class sun/security/ssl/CipherSuite$1
Event: 0.904 Loading class sun/security/ssl/CipherSuite$1 done
Event: 0.906 Loading class java/util/concurrent/CompletionException
Event: 0.906 Loading class java/util/concurrent/CompletionException done
Event: 0.947 Loading class java/util/Collections$UnmodifiableMap$UnmodifiableEntrySet
Event: 0.947 Loading class java/util/Collections$UnmodifiableMap$UnmodifiableEntrySet done
Event: 0.947 Loading class java/util/Collections$UnmodifiableMap$UnmodifiableEntrySet$1
Event: 0.947 Loading class java/util/Collections$UnmodifiableMap$UnmodifiableEntrySet$1 done
Event: 0.948 Loading class java/util/Collections$UnmodifiableMap$UnmodifiableEntrySet$UnmodifiableEntry
Event: 0.948 Loading class java/util/Collections$UnmodifiableMap$UnmodifiableEntrySet$UnmodifiableEntry done
Event: 0.962 Loading class sun/security/ssl/NewSessionTicket$T13NewSessionTicketMessage
Event: 0.962 Loading class sun/security/ssl/NewSessionTicket$NewSessionTicketMessage
Event: 0.962 Loading class sun/security/ssl/NewSessionTicket$NewSessionTicketMessage done
Event: 0.962 Loading class sun/security/ssl/NewSessionTicket$T13NewSessionTicketMessage done

Classes unloaded (0 events):
No events

Classes redefined (0 events):
No events

Internal exceptions (20 events):
Event: 0.425 Thread 0x000001d6419a8100 Exception <a 'java/lang/NoSuchMethodError'{0x00000007152f6828}: 'int java.lang.invoke.DirectMethodHandle$Holder.invokeStaticInit(java.lang.Object, float, float)'> (0x00000007152f6828) 
thrown [s\src\hotspot\share\interpreter\linkResolver.cpp, line 784]
Event: 0.426 Thread 0x000001d6419a8100 Exception <a 'java/lang/NoSuchMethodError'{0x00000007152fd2b8}: 'int java.lang.invoke.DirectMethodHandle$Holder.invokeStaticInit(java.lang.Object, double, double)'> (0x00000007152fd2b8) 
thrown [s\src\hotspot\share\interpreter\linkResolver.cpp, line 784]
Event: 0.427 Thread 0x000001d6419a8100 Exception <a 'java/lang/NoSuchMethodError'{0x0000000715301940}: 'int java.lang.invoke.DirectMethodHandle$Holder.invokeStatic(java.lang.Object, long)'> (0x0000000715301940) 
thrown [s\src\hotspot\share\interpreter\linkResolver.cpp, line 784]
Event: 0.435 Thread 0x000001d6419a8100 Exception <a 'java/lang/NoSuchMethodError'{0x000000071532b4b8}: 'java.lang.Object java.lang.invoke.DirectMethodHandle$Holder.invokeSpecial(java.lang.Object, java.lang.Object, int, java.lang.Object, java.lang.Object)'> (0x000000071532b4b8) 
thrown [s\src\hotspot\share\interpreter\linkResolver.cpp, line 784]
Event: 0.435 Thread 0x000001d6419a8100 Exception <a 'java/lang/NoSuchMethodError'{0x000000071532ee48}: 'java.lang.Object java.lang.invoke.DelegatingMethodHandle$Holder.delegate(java.lang.Object, int, java.lang.Object, java.lang.Object)'> (0x000000071532ee48) 
thrown [s\src\hotspot\share\interpreter\linkResolver.cpp, line 784]
Event: 0.438 Thread 0x000001d6419a8100 Exception <a 'java/lang/NoSuchMethodError'{0x000000071533e168}: 'int java.lang.invoke.Invokers$Holder.linkToTargetMethod(java.lang.Object, java.lang.Object, java.lang.Object)'> (0x000000071533e168) 
thrown [s\src\hotspot\share\interpreter\linkResolver.cpp, line 784]
Event: 0.443 Thread 0x000001d6419a8100 Exception <a 'java/lang/NoSuchMethodError'{0x0000000715370678}: 'long java.lang.invoke.DirectMethodHandle$Holder.invokeSpecial(java.lang.Object, java.lang.Object)'> (0x0000000715370678) 
thrown [s\src\hotspot\share\interpreter\linkResolver.cpp, line 784]
Event: 0.445 Thread 0x000001d6419a8100 Exception <a 'java/lang/NoSuchMethodError'{0x0000000715376f48}: 'int java.lang.invoke.DirectMethodHandle$Holder.invokeStatic(java.lang.Object, java.lang.Object, java.lang.Object, java.lang.Object)'> (0x0000000715376f48) 
thrown [s\src\hotspot\share\interpreter\linkResolver.cpp, line 784]
Event: 0.445 Thread 0x000001d6419a8100 Exception <a 'java/lang/NoSuchMethodError'{0x000000071537a368}: 'java.lang.Object java.lang.invoke.Invokers$Holder.invokeExact_MT(java.lang.Object, java.lang.Object, java.lang.Object, java.lang.Object, java.lang.Object, java.lang.Object)'> (0x000000071537a368) 
thrown [s\src\hotspot\share\interpreter\linkResolver.cpp, line 784]
Event: 0.571 Thread 0x000001d6419a8100 Exception <a 'java/lang/NoSuchMethodError'{0x0000000715185618}: 'java.lang.Object java.lang.invoke.DirectMethodHandle$Holder.newInvokeSpecial(java.lang.Object, java.lang.Object, java.lang.Object, java.lang.Object, java.lang.Object)'> (0x0000000715185618) 
thrown [s\src\hotspot\share\interpreter\linkResolver.cpp, line 784]
Event: 0.618 Thread 0x000001d6419a8100 Exception <a 'java/lang/NoSuchMethodError'{0x0000000714f4ae38}: 'java.lang.Object java.lang.invoke.DirectMethodHandle$Holder.invokeSpecial(java.lang.Object, java.lang.Object, java.lang.Object, java.lang.Object, int)'> (0x0000000714f4ae38) 
thrown [s\src\hotspot\share\interpreter\linkResolver.cpp, line 784]
Event: 0.618 Thread 0x000001d6419a8100 Exception <a 'java/lang/NoSuchMethodError'{0x0000000714f4e7a0}: 'java.lang.Object java.lang.invoke.Invokers$Holder.linkToTargetMethod(java.lang.Object, java.lang.Object, int, java.lang.Object)'> (0x0000000714f4e7a0) 
thrown [s\src\hotspot\share\interpreter\linkResolver.cpp, line 784]
Event: 0.628 Thread 0x000001d6419a8100 Exception <a 'java/lang/NoSuchMethodError'{0x0000000714f7cce0}: 'void java.lang.invoke.DirectMethodHandle$Holder.invokeSpecial(java.lang.Object, java.lang.Object, java.lang.Object)'> (0x0000000714f7cce0) 
thrown [s\src\hotspot\share\interpreter\linkResolver.cpp, line 784]
Event: 0.650 Thread 0x000001d6637cbf70 Exception <a 'java/lang/NoSuchMethodError'{0x00000007151e4598}: 'void java.lang.invoke.DirectMethodHandle$Holder.invokeStatic(java.lang.Object, java.lang.Object, int)'> (0x00000007151e4598) 
thrown [s\src\hotspot\share\interpreter\linkResolver.cpp, line 784]
Event: 0.653 Thread 0x000001d6419a8100 Exception <a 'java/lang/NoSuchMethodError'{0x0000000714c0c958}: 'void java.lang.invoke.DirectMethodHandle$Holder.invokeSpecial(java.lang.Object, java.lang.Object, java.lang.Object, java.lang.Object, java.lang.Object)'> (0x0000000714c0c958) 
thrown [s\src\hotspot\share\interpreter\linkResolver.cpp, line 784]
Event: 0.662 Thread 0x000001d6637cbf70 Exception <a 'java/lang/NoSuchMethodError'{0x0000000714c8f148}: 'void java.lang.invoke.DirectMethodHandle$Holder.invokeStatic(java.lang.Object, java.lang.Object)'> (0x0000000714c8f148) 
thrown [s\src\hotspot\share\interpreter\linkResolver.cpp, line 784]
Event: 0.664 Thread 0x000001d66390b3f0 Exception <a 'java/lang/NoSuchMethodError'{0x0000000714d05830}: 'void java.lang.invoke.DirectMethodHandle$Holder.invokeInterface(java.lang.Object, java.lang.Object, java.lang.Object)'> (0x0000000714d05830) 
thrown [s\src\hotspot\share\interpreter\linkResolver.cpp, line 784]
Event: 0.675 Thread 0x000001d66390b3f0 Exception <a 'java/lang/NoSuchMethodError'{0x0000000714d57c20}: 'void java.lang.invoke.DirectMethodHandle$Holder.invokeVirtual(java.lang.Object, java.lang.Object)'> (0x0000000714d57c20) 
thrown [s\src\hotspot\share\interpreter\linkResolver.cpp, line 784]
Event: 0.837 Thread 0x000001d66390b3f0 Exception <a 'java/lang/NoSuchMethodError'{0x0000000714b309f0}: 'void java.lang.invoke.DirectMethodHandle$Holder.invokeInterface(java.lang.Object, java.lang.Object)'> (0x0000000714b309f0) 
thrown [s\src\hotspot\share\interpreter\linkResolver.cpp, line 784]
Event: 0.905 Thread 0x000001d66390b3f0 Exception <a 'java/lang/NoSuchMethodError'{0x0000000714ba7f10}: 'void java.lang.invoke.DirectMethodHandle$Holder.invokeStatic(java.lang.Object, java.lang.Object, java.lang.Object, java.lang.Object)'> (0x0000000714ba7f10) 
thrown [s\src\hotspot\share\interpreter\linkResolver.cpp, line 784]

ZGC Phase Switch (0 events):
No events

VM Operations (8 events):
Event: 0.109 Executing VM operation: HandshakeAllThreads (Deoptimize)
Event: 0.109 Executing VM operation: HandshakeAllThreads (Deoptimize) done
Event: 0.118 Executing VM operation: HandshakeAllThreads (Deoptimize)
Event: 0.118 Executing VM operation: HandshakeAllThreads (Deoptimize) done
Event: 0.321 Executing VM operation: HandshakeAllThreads (Deoptimize)
Event: 0.321 Executing VM operation: HandshakeAllThreads (Deoptimize) done
Event: 0.654 Executing VM operation: HandshakeAllThreads (Deoptimize)
Event: 0.654 Executing VM operation: HandshakeAllThreads (Deoptimize) done

Memory protections (0 events):
No events

Nmethod flushes (0 events):
No events

Events (20 events):
Event: 0.063 Thread 0x000001d6419a8100 Thread added: 0x000001d65e4f3da0
Event: 0.064 Thread 0x000001d6419a8100 Thread added: 0x000001d65e4f78b0
Event: 0.064 Thread 0x000001d6419a8100 Thread added: 0x000001d65e4f8690
Event: 0.064 Thread 0x000001d6419a8100 Thread added: 0x000001d65e4f9e00
Event: 0.064 Thread 0x000001d6419a8100 Thread added: 0x000001d65e4fb8c0
Event: 0.064 Thread 0x000001d6419a8100 Thread added: 0x000001d65e505a50
Event: 0.064 Thread 0x000001d6419a8100 Thread added: 0x000001d663001c10
Event: 0.085 Thread 0x000001d6419a8100 Thread added: 0x000001d663157ca0
Event: 0.090 Thread 0x000001d6419a8100 Thread added: 0x000001d66315c4e0
Event: 0.097 Loaded shared library C:\Users\Hidayaddin\Desktop\IntelliJ IDEA 2024.3\jbr\bin\net.dll
Event: 0.099 Loaded shared library C:\Users\Hidayaddin\Desktop\IntelliJ IDEA 2024.3\jbr\bin\nio.dll
Event: 0.103 Loaded shared library C:\Users\Hidayaddin\Desktop\IntelliJ IDEA 2024.3\jbr\bin\zip.dll
Event: 0.176 Loaded shared library C:\Users\Hidayaddin\Desktop\IntelliJ IDEA 2024.3\jbr\bin\jimage.dll
Event: 0.189 Loaded shared library C:\Users\Hidayaddin\Desktop\IntelliJ IDEA 2024.3\jbr\bin\sunmscapi.dll
Event: 0.553 Loaded shared library C:\Users\Hidayaddin\Desktop\IntelliJ IDEA 2024.3\jbr\bin\extnet.dll
Event: 0.563 Thread 0x000001d6419a8100 Thread added: 0x000001d6637cbf70
Event: 0.660 Thread 0x000001d6637cbf70 Thread added: 0x000001d66390b3f0
Event: 0.685 Thread 0x000001d6637cbf70 Thread added: 0x000001d6638d9290
Event: 0.740 Thread 0x000001d663001c10 Thread added: 0x000001d663000e70
Event: 0.746 Thread 0x000001d663001c10 Thread added: 0x000001d663003750


Dynamic libraries:
0x00007ff75c9d0000 - 0x00007ff75c9da000 	C:\Users\Hidayaddin\Desktop\IntelliJ IDEA 2024.3\jbr\bin\java.exe
0x00007ffe06c80000 - 0x00007ffe06ee9000 	C:\WINDOWS\SYSTEM32\ntdll.dll
0x00007ffe05120000 - 0x00007ffe051e9000 	C:\WINDOWS\System32\KERNEL32.DLL
0x00007ffe04650000 - 0x00007ffe04a43000 	C:\WINDOWS\System32\KERNELBASE.dll
0x00007ffe04390000 - 0x00007ffe044db000 	C:\WINDOWS\System32\ucrtbase.dll
0x00007ffdf7b80000 - 0x00007ffdf7b9b000 	C:\Users\Hidayaddin\Desktop\IntelliJ IDEA 2024.3\jbr\bin\VCRUNTIME140.dll
0x00007ffde9150000 - 0x00007ffde9168000 	C:\Users\Hidayaddin\Desktop\IntelliJ IDEA 2024.3\jbr\bin\jli.dll
0x00007ffe04ef0000 - 0x00007ffe050b4000 	C:\WINDOWS\System32\USER32.dll
0x00007ffde6ba0000 - 0x00007ffde6e33000 	C:\WINDOWS\WinSxS\amd64_microsoft.windows.common-controls_6595b64144ccf1df_6.0.26100.5074_none_3e0d6f78e32fd63f\COMCTL32.dll
0x00007ffe03f40000 - 0x00007ffe03f67000 	C:\WINDOWS\System32\win32u.dll
0x00007ffe06790000 - 0x00007ffe06839000 	C:\WINDOWS\System32\msvcrt.dll
0x00007ffe051f0000 - 0x00007ffe0521b000 	C:\WINDOWS\System32\GDI32.dll
0x00007ffe03e10000 - 0x00007ffe03f3d000 	C:\WINDOWS\System32\gdi32full.dll
0x00007ffe040c0000 - 0x00007ffe04163000 	C:\WINDOWS\System32\msvcp_win.dll
0x00007ffe068a0000 - 0x00007ffe068cf000 	C:\WINDOWS\System32\IMM32.DLL
0x00007ffdfe9c0000 - 0x00007ffdfe9cc000 	C:\Users\Hidayaddin\Desktop\IntelliJ IDEA 2024.3\jbr\bin\vcruntime140_1.dll
0x00007ffdb0cf0000 - 0x00007ffdb0d7d000 	C:\Users\Hidayaddin\Desktop\IntelliJ IDEA 2024.3\jbr\bin\msvcp140.dll
0x00007ffd693d0000 - 0x00007ffd6a191000 	C:\Users\Hidayaddin\Desktop\IntelliJ IDEA 2024.3\jbr\bin\server\jvm.dll
0x00007ffe04bf0000 - 0x00007ffe04ca4000 	C:\WINDOWS\System32\ADVAPI32.dll
0x00007ffe062e0000 - 0x00007ffe06386000 	C:\WINDOWS\System32\sechost.dll
0x00007ffe04a50000 - 0x00007ffe04b68000 	C:\WINDOWS\System32\RPCRT4.dll
0x00007ffe06bb0000 - 0x00007ffe06c24000 	C:\WINDOWS\System32\WS2_32.dll
0x00007ffdfd290000 - 0x00007ffdfd29b000 	C:\WINDOWS\SYSTEM32\VERSION.dll
0x00007ffe03ae0000 - 0x00007ffe03b3e000 	C:\WINDOWS\SYSTEM32\POWRPROF.dll
0x00007ffdf8cd0000 - 0x00007ffdf8d05000 	C:\WINDOWS\SYSTEM32\WINMM.dll
0x00007ffe03ac0000 - 0x00007ffe03ad4000 	C:\WINDOWS\SYSTEM32\UMPDC.dll
0x00007ffe02bb0000 - 0x00007ffe02bcb000 	C:\WINDOWS\SYSTEM32\kernel.appcore.dll
0x00007ffdfe840000 - 0x00007ffdfe84a000 	C:\Users\Hidayaddin\Desktop\IntelliJ IDEA 2024.3\jbr\bin\jimage.dll
0x00007ffdfeb10000 - 0x00007ffdfed52000 	C:\WINDOWS\SYSTEM32\DBGHELP.DLL
0x00007ffe06390000 - 0x00007ffe0670b000 	C:\WINDOWS\System32\combase.dll
0x00007ffe05970000 - 0x00007ffe05a47000 	C:\WINDOWS\System32\OLEAUT32.dll
0x00007ffdd44f0000 - 0x00007ffdd452d000 	C:\WINDOWS\SYSTEM32\dbgcore.DLL
0x00007ffe04170000 - 0x00007ffe04209000 	C:\WINDOWS\System32\bcryptPrimitives.dll
0x00007ffdedcd0000 - 0x00007ffdedcf0000 	C:\Users\Hidayaddin\Desktop\IntelliJ IDEA 2024.3\jbr\bin\java.dll
0x00007ffe05220000 - 0x00007ffe0596d000 	C:\WINDOWS\System32\SHELL32.dll
0x00007ffe044e0000 - 0x00007ffe0464c000 	C:\WINDOWS\System32\wintypes.dll
0x00007ffe01a30000 - 0x00007ffe02289000 	C:\WINDOWS\SYSTEM32\windows.storage.dll
0x00007ffe04cc0000 - 0x00007ffe04db0000 	C:\WINDOWS\System32\SHCORE.dll
0x00007ffe04dc0000 - 0x00007ffe04e22000 	C:\WINDOWS\System32\shlwapi.dll
0x00007ffe03d30000 - 0x00007ffe03d59000 	C:\WINDOWS\SYSTEM32\profapi.dll
0x00007ffdec6a0000 - 0x00007ffdec6b8000 	C:\Users\Hidayaddin\Desktop\IntelliJ IDEA 2024.3\jbr\bin\zip.dll
0x00007ffdf7b40000 - 0x00007ffdf7b50000 	C:\Users\Hidayaddin\Desktop\IntelliJ IDEA 2024.3\jbr\bin\net.dll
0x00007ffdf84a0000 - 0x00007ffdf85bf000 	C:\WINDOWS\SYSTEM32\WINHTTP.dll
0x00007ffe03110000 - 0x00007ffe0317b000 	C:\WINDOWS\system32\mswsock.dll
0x00007ffde90e0000 - 0x00007ffde90f6000 	C:\Users\Hidayaddin\Desktop\IntelliJ IDEA 2024.3\jbr\bin\nio.dll
0x00007ffde90d0000 - 0x00007ffde90de000 	C:\Users\Hidayaddin\Desktop\IntelliJ IDEA 2024.3\jbr\bin\sunmscapi.dll
0x00007ffe04210000 - 0x00007ffe04387000 	C:\WINDOWS\System32\CRYPT32.dll
0x00007ffe03630000 - 0x00007ffe03660000 	C:\WINDOWS\SYSTEM32\ncrypt.dll
0x00007ffe035e0000 - 0x00007ffe0361f000 	C:\WINDOWS\SYSTEM32\NTASN1.dll
0x00007ffe034e0000 - 0x00007ffe034fb000 	C:\WINDOWS\SYSTEM32\CRYPTSP.dll
0x00007ffe02b10000 - 0x00007ffe02b4b000 	C:\WINDOWS\system32\rsaenh.dll
0x00007ffe031b0000 - 0x00007ffe031db000 	C:\WINDOWS\SYSTEM32\USERENV.dll
0x00007ffe03d00000 - 0x00007ffe03d26000 	C:\WINDOWS\SYSTEM32\bcrypt.dll
0x00007ffe03340000 - 0x00007ffe0334c000 	C:\WINDOWS\SYSTEM32\CRYPTBASE.dll
0x00007ffe02600000 - 0x00007ffe02634000 	C:\WINDOWS\SYSTEM32\IPHLPAPI.DLL
0x00007ffe069c0000 - 0x00007ffe069ca000 	C:\WINDOWS\System32\NSI.dll
0x00007ffdd1a00000 - 0x00007ffdd1a08000 	C:\WINDOWS\system32\wshunix.dll
0x00007ffde7bf0000 - 0x00007ffde7bf9000 	C:\Users\Hidayaddin\Desktop\IntelliJ IDEA 2024.3\jbr\bin\extnet.dll

dbghelp: loaded successfully - version: 4.0.5 - missing functions: none
symbol engine: initialized successfully - sym options: 0x614 - pdb path: .;C:\Users\Hidayaddin\Desktop\IntelliJ IDEA 2024.3\jbr\bin;C:\WINDOWS\SYSTEM32;C:\WINDOWS\WinSxS\amd64_microsoft.windows.common-controls_6595b64144ccf1df_6.0.26100.5074_none_3e0d6f78e32fd63f;C:\Users\Hidayaddin\Desktop\IntelliJ IDEA 2024.3\jbr\bin\server

VM Arguments:
java_command: git4idea.http.GitAskPassApp Username for 'https://github.com': 
java_class_path (initial): C:/Users/Hidayaddin/Desktop/IntelliJ IDEA 2024.3/plugins/vcs-git/lib/git4idea-rt.jar;C:/Users/Hidayaddin/Desktop/IntelliJ IDEA 2024.3/lib/externalProcess-rt.jar
Launcher Type: SUN_STANDARD

[Global flags]
     intx CICompilerCount                          = 4                                         {product} {ergonomic}
     uint ConcGCThreads                            = 3                                         {product} {ergonomic}
     uint G1ConcRefinementThreads                  = 10                                        {product} {ergonomic}
   size_t G1HeapRegionSize                         = 2097152                                   {product} {ergonomic}
    uintx GCDrainStackTargetSize                   = 64                                        {product} {ergonomic}
   size_t InitialHeapSize                          = 264241152                                 {product} {ergonomic}
   size_t MarkStackSize                            = 4194304                                   {product} {ergonomic}
   size_t MaxHeapSize                              = 4196401152                                {product} {ergonomic}
   size_t MaxNewSize                               = 2516582400                                {product} {ergonomic}
   size_t MinHeapDeltaBytes                        = 2097152                                   {product} {ergonomic}
   size_t MinHeapSize                              = 8388608                                   {product} {ergonomic}
    uintx NonNMethodCodeHeapSize                   = 5839372                                {pd product} {ergonomic}
    uintx NonProfiledCodeHeapSize                  = 122909434                              {pd product} {ergonomic}
    uintx ProfiledCodeHeapSize                     = 122909434                              {pd product} {ergonomic}
    uintx ReservedCodeCacheSize                    = 251658240                              {pd product} {ergonomic}
     bool SegmentedCodeCache                       = true                                      {product} {ergonomic}
   size_t SoftMaxHeapSize                          = 4196401152                             {manageable} {ergonomic}
     bool UseCompressedOops                        = true                           {product lp64_product} {ergonomic}
     bool UseG1GC                                  = true                                      {product} {ergonomic}
     bool UseLargePagesIndividualAllocation        = false                                  {pd product} {ergonomic}

Logging:
Log output configuration:
 #0: stdout all=warning uptime,level,tags foldmultilines=false
 #1: stderr all=off uptime,level,tags foldmultilines=false

Environment Variables:
PATH=C:/Program Files/Git/mingw64/libexec/git-core;C:/Program Files/Git/mingw64/libexec/git-core;C:\Program Files\Git\mingw64\bin;C:\Program Files\Git\usr\bin;C:\Users\Hidayaddin\bin;C:\Program Files\Common Files\Oracle\Java\javapath;C:\Program Files (x86)\Common Files\Oracle\Java\java8path;C:\Program Files (x86)\Common Files\Oracle\Java\javapath;c:\Users\Hidayaddin\AppData\Local\Programs\cursor\resources\app\bin;C:\ProgramData\Oracle\Java\javapath;C:\Program Files (x86)\Intel\oneAPI\tbb\latest\redist\intel64\vc_mt\;C:\Program Files (x86)\Intel\oneAPI\tbb\latest\redist\ia32\vc_mt\;C:\Program Files (x86)\Intel\oneAPI\compiler\latest\windows\redist\intel64_win\compiler;C:\Program Files (x86)\Intel\oneAPI\compiler\latest\windows\redist\ia32_win\compiler;C:\Windows\system32;C:\Windows;C:\Windows\System32\Wbem;C:\Windows\System32\WindowsPowerShell\v1.0\;C:\Windows\System32\OpenSSH\;C:\Program Files (x86)\NVIDIA Corporation\PhysX\Common;C:\WINDOWS\system32;C:\WINDOWS;C:\WINDOWS\System32\Wbem;C:\WINDOWS\System32\WindowsPowerShell\v1.0\;C:\WINDOWS\System32\OpenSSH\;C:\Program Files\dotnet\;C:\Program Files (x86)\Windows Kits\10\Windows Performance Toolkit\;C:\Program Files\Git\cmd;C:\Program Files\NVIDIA Corporation\NVIDIA app\NvDLISR;C:\Program Files (x86)\Common Files\Acronis\SnapAPI\;C:\Users\Hidayaddin\AppData\Local\Programs\Eclipse Adoptium\jdk-17.0.10.7;C:\WINDOWS\system32;C:\WINDOWS;C:\WINDOWS\System32\Wbem;C:\WINDOWS\System32\WindowsPowerShell\v1.0\;C:\WINDOWS\System32\OpenSSH\;C:\Program Files\nodejs\;C:\Users\Hidayaddin\AppData\Local\Programs\Python\Python313\Scripts\;C:\Users\Hidayaddin\AppData\Local\Programs\Python\Python313\;C:\Program Files\Common Files\Oracle\Java\javapath;C:\Program Files (x86)\Common Files\Oracle\Java\java8path;C:\Program Files (x86)\Common Files\Oracle\Java\javapath;c:\Users\Hidayaddin\AppData\Local\Programs\cursor\resources\app\bin;C:\ProgramData\Oracle\Java\javapath;C:\Program Files (x86)\Intel\oneAPI\tbb\latest\redist\intel64\vc_mt\;C:\Program Files (x86)\Intel\oneAPI\tbb\latest\redist\ia32\vc_mt\;C:\Program Files (x86)\Intel\oneAPI\compiler\latest\windows\redist\intel64_win\compiler;C:\Program Files (x86)\Intel\oneAPI\compiler\latest\windows\redist\ia32_win\compiler;C:\Windows\system32;C:\Windows;C:\Windows\System32\Wbem;C:\Windows\System32\WindowsPowerShell\v1.0\;C:\Windows\System32\OpenSSH\;C:\Program Files (x86)\NVIDIA Corporation\PhysX\Common;C:\WINDOWS\system32;C:\WINDOWS;C:\WINDOWS\System32\Wbem;C:\WINDOWS\System32\WindowsPowerShell\v1.0\;C:\WINDOWS\System32\OpenSSH\;C:\Program Files\dotnet\;C:\Program Files (x86)\Windows Kits\10\Windows Performance Toolkit\;C:\Program Files\Git\cmd;C:\Program Files\NVIDIA Corporation\NVIDIA app\NvDLISR;C:\Program Files (x86)\Common Files\Acronis\SnapAPI\;C:\Users\Hidayaddin\AppData\Local\Programs\Eclipse Adoptium\jdk-17.0.10.7;C:\WINDOWS\system32;C:\WINDOWS;C:\WINDOWS\System32\Wbem;C:\WINDOWS\System32\WindowsPowerShell\v1.0\;C:\WINDOWS\System32\OpenSSH\;C:\Program Files\nodejs\;C:\Users\Hidayaddin\Desktop\Flutter\bin;C:\Users\Hidayaddin\AppData\Local\Programs\Microsoft VS Code\bin;C:\Users\Hidayaddin\AppData\Roaming\npm;C:\Users\Hidayaddin\AppData\Local\Programs\cursor\resources\app\bin
USERNAME=Hidayaddin
DISPLAY=:0.0
LC_ALL=en_US.UTF-8
TERM=xterm-256color
TMPDIR=C:\Users\HIDAYA~1\AppData\Local\Temp
OS=Windows_NT
PROCESSOR_IDENTIFIER=Intel64 Family 6 Model 154 Stepping 3, GenuineIntel
TMP=C:\Users\HIDAYA~1\AppData\Local\Temp
TEMP=C:\Users\HIDAYA~1\AppData\Local\Temp




Periodic native trim disabled

JNI global refs:
JNI global refs: 20, weak refs: 0

JNI global refs memory usage: 835, weak refs: 833

Process memory usage:
Resident Set Size: 91856K (0% of 16389124K total physical memory with 1557808K free physical memory)

OOME stack traces (most recent first):
Classloader memory used:
Loader bootstrap                                                                       : 7340K
Loader jdk.internal.loader.ClassLoaders$PlatformClassLoader                            : 1948K
Loader jdk.internal.loader.ClassLoaders$AppClassLoader                                 : 16448B

---------------  S Y S T E M  ---------------

OS:
 Windows 11 , 64 bit Build 26100 (10.0.26100.5074)
OS uptime: 0 days 3:48 hours
Hyper-V role detected

CPU: total 12 (initial active 12) (6 cores per cpu, 2 threads per core) family 6 model 154 stepping 3 microcode 0x429, cx8, cmov, fxsr, ht, mmx, 3dnowpref, sse, sse2, sse3, ssse3, sse4.1, sse4.2, popcnt, lzcnt, tsc, tscinvbit, avx, avx2, aes, erms, clmul, bmi1, bmi2, adx, sha, fma, vzeroupper, clflush, clflushopt, clwb, hv, serialize, rdtscp, rdpid, fsrm, f16c, cet_ibt, cet_ss
Processor Information for all 12 processors :
  Max Mhz: 2000, Current Mhz: 2000, Mhz Limit: 2000

Memory: 4k page, system-wide physical 16005M (1521M free)
TotalPageFile size 25961M (AvailPageFile size 7M)
current process WorkingSet (physical memory assigned to process): 89M, peak: 90M
current process commit charge ("private bytes"): 370M, peak: 372M

vm_info: OpenJDK 64-Bit Server VM (21.0.5+8-b631.28) for windows-amd64 JRE (21.0.5+8-b631.28), built on 2024-11-23 by "builduser" with MS VC++ 16.10 / 16.11 (VS2019)

END.
